2024-12-10 21:43:16 [2@glpipruebas2]
0 segundos for "Installing glpi_plugin_databaseinventory_computergroups"
2024-12-10 21:43:16 [2@glpipruebas2]
0 segundos for "Migración de datos - glpi_displaypreferences"
2024-12-10 21:43:16 [2@glpipruebas2]
0 segundos for "Installing glpi_plugin_databaseinventory_computergroupdynamics"
2024-12-10 21:43:16 [2@glpipruebas2]
0 segundos for "Installing glpi_plugin_databaseinventory_computergroupstatics"
2024-12-10 21:43:16 [2@glpipruebas2]
0 segundos for "Installing glpi_plugin_databaseinventory_contactlogs"
2024-12-10 21:43:16 [2@glpipruebas2]
0 segundos for "Installing glpi_plugin_databaseinventory_credentials"
2024-12-10 21:43:16 [2@glpipruebas2]
0 segundos for "Migración de datos - glpi_displaypreferences"
2024-12-10 21:43:16 [2@glpipruebas2]
0 segundos for "Installing glpi_plugin_databaseinventory_credentialtypes"
2024-12-10 21:43:16 [2@glpipruebas2]
0 segundos for "Installing glpi_plugin_databaseinventory_databaseparams"
2024-12-10 21:43:16 [2@glpipruebas2]
0 segundos for "Migración de datos - glpi_displaypreferences"
2024-12-10 21:43:16 [2@glpipruebas2]
0 segundos for "Installing glpi_plugin_databaseinventory_databaseparams_computergroups"
2024-12-10 21:43:16 [2@glpipruebas2]
0 segundos for "Installing glpi_plugin_databaseinventory_databaseparams_credentials"
